<?xml version="1.0" encoding="UTF-8"?>
<!-- Generated by org.testng.reporters.JUnitReportReporter -->
<testsuite hostname="WSAMZN-7ID4CD15" failures="0" tests="4" name="com.gapi.testCases.GetPermanentBadgeDetails" time="7.262" errors="0" timestamp="2023-03-30T16:28:17 UTC" skipped="0">
  <testcase classname="com.gapi.testCases.GetPermanentBadgeDetails" name="getPermanentBadgeDetailsInfoWithInvalidGlobalUltimate" time="0.414"/>
  <system-out/>
  <testcase classname="com.gapi.testCases.GetPermanentBadgeDetails" name="getPermanentBadgeInfoWithInvalidLegalentity" time="0.508"/>
  <system-out/>
  <testcase classname="com.gapi.testCases.GetPermanentBadgeDetails" name="getPermanentBadgeInfo" time="6.140"/>
  <system-out/>
  <testcase classname="com.gapi.testCases.GetPermanentBadgeDetails" name="getPermanentBadgeInfoWithInvalidToken" time="0.200"/>
  <system-out/>
</testsuite> <!-- com.gapi.testCases.GetPermanentBadgeDetails -->
