<?xml version="1.0" encoding="UTF-8"?>
<!-- Generated by org.testng.reporters.JUnitReportReporter -->
<testsuite hostname="WSAMZN-7ID4CD15" failures="0" tests="14" name="com.gapi.testCases.GetCampus" time="9.566" errors="0" timestamp="2023-03-30T16:28:17 UTC" skipped="0">
  <testcase classname="com.gapi.testCases.GetCampus" name="getCampusInformationUsingDifferentFilters" time="0.706"/>
  <system-out/>
  <testcase classname="com.gapi.testCases.GetCampus" name="getCampusInformation" time="0.847"/>
  <system-out/>
  <testcase classname="com.gapi.testCases.GetCampus" name="getCampusInformationUsingDifferentFilters" time="0.672"/>
  <system-out/>
  <testcase classname="com.gapi.testCases.GetCampus" name="getCampusInformationUsingDifferentFilters" time="0.694"/>
  <system-out/>
  <testcase classname="com.gapi.testCases.GetCampus" name="getCampusInformationUsingDifferentFilters" time="0.704"/>
  <system-out/>
  <testcase classname="com.gapi.testCases.GetCampus" name="getCampusInformationUsingDifferentFilters" time="0.671"/>
  <system-out/>
  <testcase classname="com.gapi.testCases.GetCampus" name="getCampusInformationUsingDifferentFilters" time="0.641"/>
  <system-out/>
  <testcase classname="com.gapi.testCases.GetCampus" name="getCampusInformationUsingDifferentFilters" time="0.699"/>
  <system-out/>
  <testcase classname="com.gapi.testCases.GetCampus" name="getCampusInformationUsingDifferentFilters" time="0.661"/>
  <system-out/>
  <testcase classname="com.gapi.testCases.GetCampus" name="getCampusInformationUsingDifferentFilters" time="0.668"/>
  <system-out/>
  <testcase classname="com.gapi.testCases.GetCampus" name="getCampusInformationUsingDifferentFilters" time="0.669"/>
  <system-out/>
  <testcase classname="com.gapi.testCases.GetCampus" name="getCampusInformationUsingDifferentFilters" time="0.674"/>
  <system-out/>
  <testcase classname="com.gapi.testCases.GetCampus" name="getCampusInformationUsingDifferentFilters" time="0.630"/>
  <system-out/>
  <testcase classname="com.gapi.testCases.GetCampus" name="getCampusInformationUsingDifferentFilters" time="0.630"/>
  <system-out/>
</testsuite> <!-- com.gapi.testCases.GetCampus -->
