<?xml version="1.0" encoding="UTF-8"?>
<!-- Generated by org.testng.reporters.JUnitReportReporter -->
<testsuite hostname="WSAMZN-7ID4CD15" failures="0" tests="9" name="com.gapi.testCases.GetLocations" time="4.873" errors="0" timestamp="2023-03-30T16:28:17 UTC" skipped="0">
  <testcase classname="com.gapi.testCases.GetLocations" name="getLocationsInformation" time="0.578"/>
  <system-out/>
  <testcase classname="com.gapi.testCases.GetLocations" name="getLocationsInformation" time="0.650"/>
  <system-out/>
  <testcase classname="com.gapi.testCases.GetLocations" name="getLocationswithFilter" time="0.539"/>
  <system-out/>
  <testcase classname="com.gapi.testCases.GetLocations" name="getLocationsInformation" time="0.674"/>
  <system-out/>
  <testcase classname="com.gapi.testCases.GetLocations" name="getLocationsInformation" time="0.481"/>
  <system-out/>
  <testcase classname="com.gapi.testCases.GetLocations" name="getLocationswithFilter" time="0.490"/>
  <system-out/>
  <testcase classname="com.gapi.testCases.GetLocations" name="getLocationswithFilter" time="0.486"/>
  <system-out/>
  <testcase classname="com.gapi.testCases.GetLocations" name="getLocationswithFilter" time="0.498"/>
  <system-out/>
  <testcase classname="com.gapi.testCases.GetLocations" name="getLocationswithFilter" time="0.477"/>
  <system-out/>
</testsuite> <!-- com.gapi.testCases.GetLocations -->
