<?xml version="1.0" encoding="UTF-8"?>
<!-- Generated by org.testng.reporters.JUnitReportReporter -->
<testsuite hostname="WSAMZN-7ID4CD15" failures="0" tests="32" name="com.gapi.testCases.CreateCustomerSupportTicket" time="179.025" errors="0" timestamp="2023-03-30T16:28:17 UTC" skipped="0">
  <testcase classname="com.gapi.testCases.CreateCustomerSupportTicket" name="verifyCreateCustomerSupportTicket" time="4.526"/>
  <system-out/>
  <testcase classname="com.gapi.testCases.CreateCustomerSupportTicket" name="createCustomerSupportTicketAndVerifyEndToEndFlow" time="16.593"/>
  <system-out/>
  <testcase classname="com.gapi.testCases.CreateCustomerSupportTicket" name="verifyCreateCustomerSupportTicket" time="5.018"/>
  <system-out/>
  <testcase classname="com.gapi.testCases.CreateCustomerSupportTicket" name="verifyCreateCustomerSupportTicket" time="5.020"/>
  <system-out/>
  <testcase classname="com.gapi.testCases.CreateCustomerSupportTicket" name="verifyCreateCustomerSupportTicket" time="4.828"/>
  <system-out/>
  <testcase classname="com.gapi.testCases.CreateCustomerSupportTicket" name="verifyCreateCustomerSupportTicket" time="4.722"/>
  <system-out/>
  <testcase classname="com.gapi.testCases.CreateCustomerSupportTicket" name="verifyCreateCustomerSupportTicket" time="4.544"/>
  <system-out/>
  <testcase classname="com.gapi.testCases.CreateCustomerSupportTicket" name="verifyCreateCustomerSupportTicket" time="4.755"/>
  <system-out/>
  <testcase classname="com.gapi.testCases.CreateCustomerSupportTicket" name="verifyCreateCustomerSupportTicket" time="0.274"/>
  <system-out/>
  <testcase classname="com.gapi.testCases.CreateCustomerSupportTicket" name="verifyCreateCustomerSupportTicket" time="4.356"/>
  <system-out/>
  <testcase classname="com.gapi.testCases.CreateCustomerSupportTicket" name="verifyCreateCustomerSupportTicket" time="4.837"/>
  <system-out/>
  <testcase classname="com.gapi.testCases.CreateCustomerSupportTicket" name="verifyCreateCustomerSupportTicket" time="4.730"/>
  <system-out/>
  <testcase classname="com.gapi.testCases.CreateCustomerSupportTicket" name="createCustomerSupportTicketAndVerifyEndToEndFlow" time="16.576"/>
  <system-out/>
  <testcase classname="com.gapi.testCases.CreateCustomerSupportTicket" name="verifyCreateCustomerSupportTicket" time="4.435"/>
  <system-out/>
  <testcase classname="com.gapi.testCases.CreateCustomerSupportTicket" name="verifyCreateCustomerSupportTicket" time="4.549"/>
  <system-out/>
  <testcase classname="com.gapi.testCases.CreateCustomerSupportTicket" name="verifyCreateCustomerSupportTicket" time="4.593"/>
  <system-out/>
  <testcase classname="com.gapi.testCases.CreateCustomerSupportTicket" name="retrieveCustomerSupportTicketAttachmentusingRequestId" time="6.555"/>
  <system-out/>
  <testcase classname="com.gapi.testCases.CreateCustomerSupportTicket" name="verifyCreateCustomerSupportTicket" time="4.735"/>
  <system-out/>
  <testcase classname="com.gapi.testCases.CreateCustomerSupportTicket" name="verifyCreateCSTicketForInvalidUser" time="0.307"/>
  <system-out/>
  <testcase classname="com.gapi.testCases.CreateCustomerSupportTicket" name="verifyCreateCustomerSupportTicket" time="4.483"/>
  <system-out/>
  <testcase classname="com.gapi.testCases.CreateCustomerSupportTicket" name="verifyCreateCustomerSupportTicket" time="4.469"/>
  <system-out/>
  <testcase classname="com.gapi.testCases.CreateCustomerSupportTicket" name="verifyCreateCustomerSupportTicket" time="4.973"/>
  <system-out/>
  <testcase classname="com.gapi.testCases.CreateCustomerSupportTicket" name="verifyCreateCustomerSupportTicket" time="4.403"/>
  <system-out/>
  <testcase classname="com.gapi.testCases.CreateCustomerSupportTicket" name="verifyCreateCustomerSupportTicket" time="4.963"/>
  <system-out/>
  <testcase classname="com.gapi.testCases.CreateCustomerSupportTicket" name="verifyCreateCustomerSupportTicket" time="4.398"/>
  <system-out/>
  <testcase classname="com.gapi.testCases.CreateCustomerSupportTicket" name="createCustomerSupportTicketAndVerifyEndToEndFlow" time="15.129"/>
  <system-out/>
  <testcase classname="com.gapi.testCases.CreateCustomerSupportTicket" name="verifyCreateCustomerSupportTicket" time="4.486"/>
  <system-out/>
  <testcase classname="com.gapi.testCases.CreateCustomerSupportTicket" name="verifyCreateCustomerSupportTicket" time="4.781"/>
  <system-out/>
  <testcase classname="com.gapi.testCases.CreateCustomerSupportTicket" name="verifyCreateCustomerSupportTicket" time="4.961"/>
  <system-out/>
  <testcase classname="com.gapi.testCases.CreateCustomerSupportTicket" name="verifyCreateCustomerSupportTicket" time="5.567"/>
  <system-out/>
  <testcase classname="com.gapi.testCases.CreateCustomerSupportTicket" name="verifyCreateCustomerSupportTicket" time="4.765"/>
  <system-out/>
  <testcase classname="com.gapi.testCases.CreateCustomerSupportTicket" name="verifyCreateCustomerSupportTicket" time="5.694"/>
  <system-out/>
</testsuite> <!-- com.gapi.testCases.CreateCustomerSupportTicket -->
