<?xml version="1.0" encoding="UTF-8"?>
<!-- Generated by org.testng.reporters.JUnitReportReporter -->
<testsuite hostname="WSAMZN-7ID4CD15" failures="0" tests="1" name="com.gapi.testCases.TerminatePermanentBadgeRequest" time="3.978" errors="0" timestamp="2023-03-30T16:28:17 UTC" skipped="0">
  <testcase classname="com.gapi.testCases.TerminatePermanentBadgeRequest" name="verifyTerminatePermanentBadgeRequest" time="3.978"/>
  <system-out/>
</testsuite> <!-- com.gapi.testCases.TerminatePermanentBadgeRequest -->
