<?xml version="1.0" encoding="UTF-8"?>
<!-- Generated by org.testng.reporters.JUnitReportReporter -->
<testsuite hostname="WSAMZN-7ID4CD15" failures="0" tests="28" name="com.gapi.testCases.CreateRemoteHandsTicket" time="275.827" errors="0" timestamp="2023-03-30T16:28:17 UTC" skipped="0">
  <testcase classname="com.gapi.testCases.CreateRemoteHandsTicket" name="verifyCreateRemoteHandsTicket" time="11.635"/>
  <system-out/>
  <testcase classname="com.gapi.testCases.CreateRemoteHandsTicket" name="verifyCreateRemoteHandsTicket" time="11.016"/>
  <system-out/>
  <testcase classname="com.gapi.testCases.CreateRemoteHandsTicket" name="verifyCreateRemoteHandsTicket" time="0.275"/>
  <system-out/>
  <testcase classname="com.gapi.testCases.CreateRemoteHandsTicket" name="verifyCreateRemoteHandsTicket" time="11.976"/>
  <system-out/>
  <testcase classname="com.gapi.testCases.CreateRemoteHandsTicket" name="createRemoteHandsTicketwithNotificationRecipient" time="0.296"/>
  <system-out/>
  <testcase classname="com.gapi.testCases.CreateRemoteHandsTicket" name="verifyCreateRemoteHandsTicket" time="11.718"/>
  <system-out/>
  <testcase classname="com.gapi.testCases.CreateRemoteHandsTicket" name="verifyCreateRemoteHandsTicket" time="11.193"/>
  <system-out/>
  <testcase classname="com.gapi.testCases.CreateRemoteHandsTicket" name="verifyCreateRemoteHandsTicket" time="11.273"/>
  <system-out/>
  <testcase classname="com.gapi.testCases.CreateRemoteHandsTicket" name="createRemoteHandsTicketAndVerifyEndToEndFlow" time="16.597"/>
  <system-out/>
  <testcase classname="com.gapi.testCases.CreateRemoteHandsTicket" name="verifyCreateRemoteHandsTicket" time="11.334"/>
  <system-out/>
  <testcase classname="com.gapi.testCases.CreateRemoteHandsTicket" name="createRemoteHandsTicketAndVerifyEndToEndFlow" time="17.703"/>
  <system-out/>
  <testcase classname="com.gapi.testCases.CreateRemoteHandsTicket" name="verifyCreateRemoteHandsTicket" time="0.273"/>
  <system-out/>
  <testcase classname="com.gapi.testCases.CreateRemoteHandsTicket" name="verifyCreateRHTicketForInvalidUser" time="0.209"/>
  <system-out/>
  <testcase classname="com.gapi.testCases.CreateRemoteHandsTicket" name="createRemoteHandsTicketwithNotificationRecipient" time="6.592"/>
  <system-out/>
  <testcase classname="com.gapi.testCases.CreateRemoteHandsTicket" name="createRemoteHandsTicketAndVerifyEndToEndFlow" time="15.529"/>
  <system-out/>
  <testcase classname="com.gapi.testCases.CreateRemoteHandsTicket" name="verifyCreateRemoteHandsTicket" time="12.065"/>
  <system-out/>
  <testcase classname="com.gapi.testCases.CreateRemoteHandsTicket" name="verifyCreateRemoteHandsTicket" time="11.774"/>
  <system-out/>
  <testcase classname="com.gapi.testCases.CreateRemoteHandsTicket" name="verifyCreateRemoteHandsTicket" time="11.179"/>
  <system-out/>
  <testcase classname="com.gapi.testCases.CreateRemoteHandsTicket" name="verifyCreateRemoteHandsTicket" time="11.179"/>
  <system-out/>
  <testcase classname="com.gapi.testCases.CreateRemoteHandsTicket" name="verifyCreateRemoteHandsTicket" time="10.994"/>
  <system-out/>
  <testcase classname="com.gapi.testCases.CreateRemoteHandsTicket" name="verifyCreateRemoteHandsTicket" time="11.127"/>
  <system-out/>
  <testcase classname="com.gapi.testCases.CreateRemoteHandsTicket" name="verifyCreateRemoteHandsTicket" time="11.492"/>
  <system-out/>
  <testcase classname="com.gapi.testCases.CreateRemoteHandsTicket" name="verifyCreateRemoteHandsTicket" time="11.142"/>
  <system-out/>
  <testcase classname="com.gapi.testCases.CreateRemoteHandsTicket" name="verifyCreateRemoteHandsTicket" time="0.390"/>
  <system-out/>
  <testcase classname="com.gapi.testCases.CreateRemoteHandsTicket" name="verifyCreateRemoteHandsTicket" time="11.668"/>
  <system-out/>
  <testcase classname="com.gapi.testCases.CreateRemoteHandsTicket" name="verifyCreateRemoteHandsTicket" time="11.684"/>
  <system-out/>
  <testcase classname="com.gapi.testCases.CreateRemoteHandsTicket" name="verifyCreateRemoteHandsTicket" time="11.826"/>
  <system-out/>
  <testcase classname="com.gapi.testCases.CreateRemoteHandsTicket" name="verifyCreateRemoteHandsTicket" time="11.688"/>
  <system-out/>
</testsuite> <!-- com.gapi.testCases.CreateRemoteHandsTicket -->
