<?xml version="1.0" encoding="UTF-8"?>
<!-- Generated by org.testng.reporters.JUnitReportReporter -->
<testsuite hostname="WSAMZN-7ID4CD15" failures="0" tests="9" name="com.gapi.testCases.GetRolesDetails" time="5.937" errors="0" timestamp="2023-03-30T16:28:17 UTC" skipped="0">
  <testcase classname="com.gapi.testCases.GetRolesDetails" name="getallRolesinfo" time="0.466"/>
  <system-out/>
  <testcase classname="com.gapi.testCases.GetRolesDetails" name="getallRolesinfo" time="0.473"/>
  <system-out/>
  <testcase classname="com.gapi.testCases.GetRolesDetails" name="getallRolesinfo" time="0.428"/>
  <system-out/>
  <testcase classname="com.gapi.testCases.GetRolesDetails" name="getRolesinfoByValidRoleId" time="1.015"/>
  <system-out/>
  <testcase classname="com.gapi.testCases.GetRolesDetails" name="getPrivilegesinfoByInvalidRoleId" time="0.988"/>
  <system-out/>
  <testcase classname="com.gapi.testCases.GetRolesDetails" name="getPrivilegesinfoByValidRoleId" time="0.892"/>
  <system-out/>
  <testcase classname="com.gapi.testCases.GetRolesDetails" name="getallRolesinfo" time="0.447"/>
  <system-out/>
  <testcase classname="com.gapi.testCases.GetRolesDetails" name="getRolesinfoByInvalidRoleId" time="0.804"/>
  <system-out/>
  <testcase classname="com.gapi.testCases.GetRolesDetails" name="getallRolesinfo" time="0.424"/>
  <system-out/>
</testsuite> <!-- com.gapi.testCases.GetRolesDetails -->
