<?xml version="1.0" encoding="UTF-8"?>
<!-- Generated by org.testng.reporters.JUnitReportReporter -->
<testsuite hostname="WSAMZN-7ID4CD15" failures="0" tests="2" name="com.gapi.testCases.CancelRemoteHandsTicket" time="4.589" errors="0" timestamp="2023-03-30T16:28:17 UTC" skipped="0">
  <testcase classname="com.gapi.testCases.CancelRemoteHandsTicket" name="verifyCancelRemoteHandsTicketwithoutID" time="0.423"/>
  <system-out/>
  <testcase classname="com.gapi.testCases.CancelRemoteHandsTicket" name="verifyCancelRemoteHandsTicket" time="4.166"/>
  <system-out/>
</testsuite> <!-- com.gapi.testCases.CancelRemoteHandsTicket -->
