<?xml version="1.0" encoding="UTF-8"?>
<!-- Generated by org.testng.reporters.JUnitReportReporter -->
<testsuite hostname="WSAMZN-7ID4CD15" failures="0" tests="8" name="com.gapi.testCases.GetAssets" time="4.568" errors="0" timestamp="2023-03-30T16:28:17 UTC" skipped="0">
  <testcase classname="com.gapi.testCases.GetAssets" name="verifyAssetNames" time="0.390"/>
  <system-out/>
  <testcase classname="com.gapi.testCases.GetAssets" name="getAssetInfoById" time="0.654"/>
  <system-out/>
  <testcase classname="com.gapi.testCases.GetAssets" name="getLocationswithFilter" time="0.565"/>
  <system-out/>
  <testcase classname="com.gapi.testCases.GetAssets" name="getLocationswithFilter" time="0.823"/>
  <system-out/>
  <testcase classname="com.gapi.testCases.GetAssets" name="getLocationswithFilter" time="0.508"/>
  <system-out/>
  <testcase classname="com.gapi.testCases.GetAssets" name="getAllAssetsInfo" time="0.702"/>
  <system-out/>
  <testcase classname="com.gapi.testCases.GetAssets" name="getLocationswithFilter" time="0.467"/>
  <system-out/>
  <testcase classname="com.gapi.testCases.GetAssets" name="getLocationswithFilter" time="0.459"/>
  <system-out/>
</testsuite> <!-- com.gapi.testCases.GetAssets -->
