<?xml version="1.0" encoding="UTF-8"?>
<!-- Generated by org.testng.reporters.JUnitReportReporter -->
<testsuite hostname="WSAMZN-7ID4CD15" failures="0" tests="26" name="com.gapi.testCases.UsersRBAC" time="26.070" errors="0" timestamp="2023-03-30T16:28:17 UTC" skipped="0">
  <testcase classname="com.gapi.testCases.UsersRBAC" name="sitepathAssociationRBAC" time="1.177"/>
  <system-out/>
  <testcase classname="com.gapi.testCases.UsersRBAC" name="createUserwithoutmandatoryparametersRBAC" time="0.429"/>
  <system-out/>
  <testcase classname="com.gapi.testCases.UsersRBAC" name="getUserdetailsRBAC" time="0.760"/>
  <system-out/>
  <testcase classname="com.gapi.testCases.UsersRBAC" name="createUserdetailsRBAC" time="0.772"/>
  <system-out/>
  <testcase classname="com.gapi.testCases.UsersRBAC" name="multipleAssetsAssociationRBAC" time="1.567"/>
  <system-out/>
  <testcase classname="com.gapi.testCases.UsersRBAC" name="retrieveUserAccountAssociationRBAC" time="0.780"/>
  <system-out/>
  <testcase classname="com.gapi.testCases.UsersRBAC" name="getallRolesinfoRBAC" time="0.582"/>
  <system-out/>
  <testcase classname="com.gapi.testCases.UsersRBAC" name="sitepathAssociationRBAC" time="1.157"/>
  <system-out/>
  <testcase classname="com.gapi.testCases.UsersRBAC" name="sitepathAssociationRBAC" time="1.161"/>
  <system-out/>
  <testcase classname="com.gapi.testCases.UsersRBAC" name="retrieveUsercommentsRemoteHandsTicketRBAC" time="2.232"/>
  <system-out/>
  <testcase classname="com.gapi.testCases.UsersRBAC" name="multipleAssetsAssociationRBAC" time="1.375"/>
  <system-out/>
  <testcase classname="com.gapi.testCases.UsersRBAC" name="userAccountAssociationRBAC" time="1.216"/>
  <system-out/>
  <testcase classname="com.gapi.testCases.UsersRBAC" name="getallRolesinfoRBACinvalid" time="0.362"/>
  <system-out/>
  <testcase classname="com.gapi.testCases.UsersRBAC" name="getallRolesinfoRBAC" time="0.566"/>
  <system-out/>
  <testcase classname="com.gapi.testCases.UsersRBAC" name="sitepathAssociationRBAC" time="1.209"/>
  <system-out/>
  <testcase classname="com.gapi.testCases.UsersRBAC" name="userAccountAssociationRBAC" time="1.250"/>
  <system-out/>
  <testcase classname="com.gapi.testCases.UsersRBAC" name="createUserwithoutmandatoryparametersRBAC" time="0.421"/>
  <system-out/>
  <testcase classname="com.gapi.testCases.UsersRBAC" name="sitepathAssociationRBAC" time="1.159"/>
  <system-out/>
  <testcase classname="com.gapi.testCases.UsersRBAC" name="createUserdetailsRBAC" time="0.423"/>
  <system-out/>
  <testcase classname="com.gapi.testCases.UsersRBAC" name="sitepathAssociationRBAC" time="1.137"/>
  <system-out/>
  <testcase classname="com.gapi.testCases.UsersRBAC" name="sitepathAssociationRBAC" time="1.266"/>
  <system-out/>
  <testcase classname="com.gapi.testCases.UsersRBAC" name="sitepathAssociationRBAC" time="1.171"/>
  <system-out/>
  <testcase classname="com.gapi.testCases.UsersRBAC" name="getUserdetailsRBAC" time="0.380"/>
  <system-out/>
  <testcase classname="com.gapi.testCases.UsersRBAC" name="sitepathAssociationRBAC" time="1.156"/>
  <system-out/>
  <testcase classname="com.gapi.testCases.UsersRBAC" name="sitepathAssociationRBAC" time="1.148"/>
  <system-out/>
  <testcase classname="com.gapi.testCases.UsersRBAC" name="sitepathAssociationRBAC" time="1.214"/>
  <system-out/>
</testsuite> <!-- com.gapi.testCases.UsersRBAC -->
