<?xml version="1.0" encoding="UTF-8"?>
<!-- Generated by org.testng.reporters.JUnitReportReporter -->
<testsuite hostname="WSAMZN-7ID4CD15" failures="0" tests="5" name="com.gapi.testCases.CreateFAOSPRequest" time="13.681" errors="0" timestamp="2023-03-30T16:28:17 UTC" skipped="0">
  <testcase classname="com.gapi.testCases.CreateFAOSPRequest" name="verifyCreateOSPAccessRequestForInvalidToken" time="0.257"/>
  <system-out/>
  <testcase classname="com.gapi.testCases.CreateFAOSPRequest" name="verifyRetrievalOfOSPAccessRequestUsingID" time="4.047"/>
  <system-out/>
  <testcase classname="com.gapi.testCases.CreateFAOSPRequest" name="verifyCreateOSPAccessRequestForInvalidLegalentity" time="0.470"/>
  <system-out/>
  <testcase classname="com.gapi.testCases.CreateFAOSPRequest" name="verifyCreateOSPAccessRequest" time="3.172"/>
  <system-out/>
  <testcase classname="com.gapi.testCases.CreateFAOSPRequest" name="verifyUploadAttachmentToOSPAccessRequest" time="5.735"/>
  <system-out/>
</testsuite> <!-- com.gapi.testCases.CreateFAOSPRequest -->
