<?xml version="1.0" encoding="UTF-8"?>
<!-- Generated by org.testng.reporters.JUnitReportReporter -->
<testsuite hostname="WSAMZN-7ID4CD15" failures="0" tests="4" name="com.gapi.testCases.CreatePermanentBadgeRequest" time="9.814" errors="0" timestamp="2023-03-30T16:28:17 UTC" skipped="0">
  <testcase classname="com.gapi.testCases.CreatePermanentBadgeRequest" name="verifyUploadAttachmentToPermanentBadgeRequest" time="5.783"/>
  <system-out/>
  <testcase classname="com.gapi.testCases.CreatePermanentBadgeRequest" name="verifyCreatePermanentBadgeRequestForInvalidToken" time="0.201"/>
  <system-out/>
  <testcase classname="com.gapi.testCases.CreatePermanentBadgeRequest" name="verifyCreatePermanentBadgeRequest" time="3.361"/>
  <system-out/>
  <testcase classname="com.gapi.testCases.CreatePermanentBadgeRequest" name="verifyCreatePermanentBadgeRequestForInvalidLegalentity" time="0.469"/>
  <system-out/>
</testsuite> <!-- com.gapi.testCases.CreatePermanentBadgeRequest -->
