<?xml version="1.0" encoding="UTF-8"?>
<!-- Generated by org.testng.reporters.JUnitReportReporter -->
<testsuite hostname="WSAMZN-7ID4CD15" failures="0" tests="17" name="com.gapi.testCases.GetSites" time="13.648" errors="0" timestamp="2023-03-30T16:28:17 UTC" skipped="0">
  <testcase classname="com.gapi.testCases.GetSites" name="getAllSiteDetailsinfo" time="0.651"/>
  <system-out/>
  <testcase classname="com.gapi.testCases.GetSites" name="getAllSiteDetailsinfo" time="0.658"/>
  <system-out/>
  <testcase classname="com.gapi.testCases.GetSites" name="getAllSiteDetailsinfo" time="1.060"/>
  <system-out/>
  <testcase classname="com.gapi.testCases.GetSites" name="getAllSiteDetailsinfo" time="1.168"/>
  <system-out/>
  <testcase classname="com.gapi.testCases.GetSites" name="getAllSiteDetailsinfo" time="0.832"/>
  <system-out/>
  <testcase classname="com.gapi.testCases.GetSites" name="getAllSiteDetailsinfo" time="0.685"/>
  <system-out/>
  <testcase classname="com.gapi.testCases.GetSites" name="getAllSiteDetailsinfo" time="0.873"/>
  <system-out/>
  <testcase classname="com.gapi.testCases.GetSites" name="getAllSiteDetailsinfo" time="0.641"/>
  <system-out/>
  <testcase classname="com.gapi.testCases.GetSites" name="getAllSiteDetailsinfo" time="0.676"/>
  <system-out/>
  <testcase classname="com.gapi.testCases.GetSites" name="getAllSiteDetailsinfo" time="0.684"/>
  <system-out/>
  <testcase classname="com.gapi.testCases.GetSites" name="getAllSiteDetailsinfo" time="1.171"/>
  <system-out/>
  <testcase classname="com.gapi.testCases.GetSites" name="getAllSiteDetailsinfo" time="0.777"/>
  <system-out/>
  <testcase classname="com.gapi.testCases.GetSites" name="getAllSiteDetailsinfo" time="0.671"/>
  <system-out/>
  <testcase classname="com.gapi.testCases.GetSites" name="getAllSiteDetailsinfo" time="0.863"/>
  <system-out/>
  <testcase classname="com.gapi.testCases.GetSites" name="getAllSiteDetailsinfo" time="0.673"/>
  <system-out/>
  <testcase classname="com.gapi.testCases.GetSites" name="getAllSiteDetailsinfo" time="0.746"/>
  <system-out/>
  <testcase classname="com.gapi.testCases.GetSites" name="getAllSiteDetailsinfo" time="0.819"/>
  <system-out/>
</testsuite> <!-- com.gapi.testCases.GetSites -->
