<?xml version="1.0" encoding="UTF-8"?>
<!-- Generated by org.testng.reporters.JUnitReportReporter -->
<testsuite hostname="WSAMZN-7ID4CD15" failures="0" tests="5" name="com.gapi.testCases.CreateNewUser" time="7.017" errors="0" timestamp="2023-03-30T16:28:17 UTC" skipped="1">
  <testcase classname="com.gapi.testCases.CreateNewUser" name="verifyCreateNewUser" time="1.849"/>
  <system-out/>
  <testcase classname="com.gapi.testCases.CreateNewUser" name="verifyCreateNewUser" time="2.004"/>
  <system-out/>
  <testcase classname="com.gapi.testCases.CreateNewUser" name="verifyCreateNewUser" time="0.465"/>
  <system-out/>
  <testcase classname="com.gapi.testCases.CreateNewUser" name="verifyCreateNewUser" time="2.223"/>
  <system-out/>
  <testcase classname="com.gapi.testCases.CreateNewUser" name="verifyCreateNewUser" time="0.476">
    <skipped/>
  </testcase> <!-- verifyCreateNewUser -->
  <system-out/>
</testsuite> <!-- com.gapi.testCases.CreateNewUser -->
