<?xml version="1.0" encoding="UTF-8"?>
<!-- Generated by org.testng.reporters.JUnitReportReporter -->
<testsuite hostname="WSAMZN-7ID4CD15" failures="0" tests="3" name="com.gapi.testCases.AddCommentsToTheRemoteHandsTicket" time="6.082" errors="0" timestamp="2023-03-30T16:28:17 UTC" skipped="0">
  <testcase classname="com.gapi.testCases.AddCommentsToTheRemoteHandsTicket" name="AddUsercommentsRemoteHandsTicketwithoutMandatoryParameters" time="1.415"/>
  <system-out/>
  <testcase classname="com.gapi.testCases.AddCommentsToTheRemoteHandsTicket" name="AddUsercommentsRemoteHandsTicket" time="2.448"/>
  <system-out/>
  <testcase classname="com.gapi.testCases.AddCommentsToTheRemoteHandsTicket" name="AddUsercommentsRemoteHandsTicket" time="2.219"/>
  <system-out/>
</testsuite> <!-- com.gapi.testCases.AddCommentsToTheRemoteHandsTicket -->
