<?xml version="1.0" encoding="UTF-8"?>
<!-- Generated by org.testng.reporters.JUnitReportReporter -->
<testsuite hostname="WSAMZN-7ID4CD15" failures="0" tests="6" name="com.gapi.testCases.AddAttachmentsToTheRemoteHandsTicket" time="23.938" errors="0" timestamp="2023-03-30T16:28:17 UTC" skipped="0">
  <testcase classname="com.gapi.testCases.AddAttachmentsToTheRemoteHandsTicket" name="uploadAttachmentToTheExistingRemoteHandsTicket" time="4.392"/>
  <system-out/>
  <testcase classname="com.gapi.testCases.AddAttachmentsToTheRemoteHandsTicket" name="addAttachmentstoRemoteHandsTicketWithOutRequestIDAndfilename" time="0.273"/>
  <system-out/>
  <testcase classname="com.gapi.testCases.AddAttachmentsToTheRemoteHandsTicket" name="AddAttachmentstoRemoteHandsTicket" time="4.484"/>
  <system-out/>
  <testcase classname="com.gapi.testCases.AddAttachmentsToTheRemoteHandsTicket" name="AddAttachmentstoRemoteHandsTicket" time="5.134"/>
  <system-out/>
  <testcase classname="com.gapi.testCases.AddAttachmentsToTheRemoteHandsTicket" name="getAttachmentOfRemoteHandsTicketByID" time="7.198"/>
  <system-out/>
  <testcase classname="com.gapi.testCases.AddAttachmentsToTheRemoteHandsTicket" name="uploadEmptyTextDocumentToTheValidRemoteHandsRequest" time="2.457"/>
  <system-out/>
</testsuite> <!-- com.gapi.testCases.AddAttachmentsToTheRemoteHandsTicket -->
