<?xml version="1.0" encoding="UTF-8"?>
<!-- Generated by org.testng.reporters.JUnitReportReporter -->
<testsuite hostname="WSAMZN-7ID4CD15" failures="0" tests="3" name="com.gapi.testCases.AddAttachmentToTheCustomerSupportTicket" time="15.949" errors="0" timestamp="2023-03-30T16:28:17 UTC" skipped="0">
  <testcase classname="com.gapi.testCases.AddAttachmentToTheCustomerSupportTicket" name="addAttachmentstoCustomerSupportTicket" time="4.524"/>
  <system-out/>
  <testcase classname="com.gapi.testCases.AddAttachmentToTheCustomerSupportTicket" name="getAttachmentOfCustomerSupportTicketByID" time="9.931"/>
  <system-out/>
  <testcase classname="com.gapi.testCases.AddAttachmentToTheCustomerSupportTicket" name="addAttachmentstoCustomerSupportTicketWithOutRequestIDAndfilename" time="1.494"/>
  <system-out/>
</testsuite> <!-- com.gapi.testCases.AddAttachmentToTheCustomerSupportTicket -->
