<?xml version="1.0" encoding="UTF-8"?>
<!-- Generated by org.testng.reporters.JUnitReportReporter -->
<testsuite hostname="WSAMZN-7ID4CD15" failures="0" tests="9" name="com.gapi.testCases.GetNotificationDetails" time="40.652" errors="0" timestamp="2023-03-30T16:28:17 UTC" skipped="0">
  <testcase classname="com.gapi.testCases.GetNotificationDetails" name="updateNotificationById" time="7.453"/>
  <system-out/>
  <testcase classname="com.gapi.testCases.GetNotificationDetails" name="getNotificationDetailsByNegativeToken" time="3.520"/>
  <system-out/>
  <testcase classname="com.gapi.testCases.GetNotificationDetails" name="updateNotificationByInvalidId" time="0.570"/>
  <system-out/>
  <testcase classname="com.gapi.testCases.GetNotificationDetails" name="updateNotificationById" time="7.334"/>
  <system-out/>
  <testcase classname="com.gapi.testCases.GetNotificationDetails" name="getNotificationDetailsById" time="6.698"/>
  <system-out/>
  <testcase classname="com.gapi.testCases.GetNotificationDetails" name="verifyGetNotificationInfoByInvalidId" time="0.524"/>
  <system-out/>
  <testcase classname="com.gapi.testCases.GetNotificationDetails" name="updateNotificationById" time="7.505"/>
  <system-out/>
  <testcase classname="com.gapi.testCases.GetNotificationDetails" name="getAllNotificationDetailsInfo" time="3.523"/>
  <system-out/>
  <testcase classname="com.gapi.testCases.GetNotificationDetails" name="updateAttributesOfNotification" time="3.525"/>
  <system-out/>
</testsuite> <!-- com.gapi.testCases.GetNotificationDetails -->
