<?xml version="1.0" encoding="UTF-8"?>
<!-- Generated by org.testng.reporters.JUnitReportReporter -->
<testsuite hostname="WSAMZN-7ID4CD15" failures="0" tests="29" name="com.gapi.testCases.GetShipmentsTicketDetails" time="105.065" errors="0" timestamp="2023-03-30T16:28:17 UTC" skipped="0">
  <testcase classname="com.gapi.testCases.GetShipmentsTicketDetails" name="verifyGetAllWithShipmentsTicketFilters" time="3.452"/>
  <system-out/>
  <testcase classname="com.gapi.testCases.GetShipmentsTicketDetails" name="verifyGetAllWithShipmentsTicketFilters" time="3.790"/>
  <system-out/>
  <testcase classname="com.gapi.testCases.GetShipmentsTicketDetails" name="verifyGetAllWithShipmentsTicketFilters" time="3.797"/>
  <system-out/>
  <testcase classname="com.gapi.testCases.GetShipmentsTicketDetails" name="verifyGetAllWithShipmentsTicketFilters" time="4.373"/>
  <system-out/>
  <testcase classname="com.gapi.testCases.GetShipmentsTicketDetails" name="verifyGetAllWithShipmentsTicketFilters" time="4.796"/>
  <system-out/>
  <testcase classname="com.gapi.testCases.GetShipmentsTicketDetails" name="verifyGetAllWithShipmentsTicketFilters" time="2.411"/>
  <system-out/>
  <testcase classname="com.gapi.testCases.GetShipmentsTicketDetails" name="verifyGetAllWithShipmentsTicketFilters" time="3.804"/>
  <system-out/>
  <testcase classname="com.gapi.testCases.GetShipmentsTicketDetails" name="verifyGetAllWithShipmentsTicketFilters" time="3.403"/>
  <system-out/>
  <testcase classname="com.gapi.testCases.GetShipmentsTicketDetails" name="verifyGetAllWithShipmentsTicketFilters" time="3.776"/>
  <system-out/>
  <testcase classname="com.gapi.testCases.GetShipmentsTicketDetails" name="verifyGetAllWithShipmentsTicketFilters" time="4.586"/>
  <system-out/>
  <testcase classname="com.gapi.testCases.GetShipmentsTicketDetails" name="verifyGetAllWithShipmentsTicketFilters" time="4.007"/>
  <system-out/>
  <testcase classname="com.gapi.testCases.GetShipmentsTicketDetails" name="verifyGetAllWithShipmentsTicketFilters" time="3.523"/>
  <system-out/>
  <testcase classname="com.gapi.testCases.GetShipmentsTicketDetails" name="retrieveShipmentTicketInfoByInvalidId" time="1.826"/>
  <system-out/>
  <testcase classname="com.gapi.testCases.GetShipmentsTicketDetails" name="verifyGetAllWithShipmentsTicketFilters" time="2.713"/>
  <system-out/>
  <testcase classname="com.gapi.testCases.GetShipmentsTicketDetails" name="verifyGetAllWithShipmentsTicketFilters" time="3.096"/>
  <system-out/>
  <testcase classname="com.gapi.testCases.GetShipmentsTicketDetails" name="verifyGetAllWithShipmentsTicketFilters" time="4.279"/>
  <system-out/>
  <testcase classname="com.gapi.testCases.GetShipmentsTicketDetails" name="verifyGetAllWithShipmentsTicketFilters" time="2.665"/>
  <system-out/>
  <testcase classname="com.gapi.testCases.GetShipmentsTicketDetails" name="verifyGetAllWithShipmentsTicketFilters" time="2.498"/>
  <system-out/>
  <testcase classname="com.gapi.testCases.GetShipmentsTicketDetails" name="verifyGetAllWithShipmentsTicketFilters" time="3.066"/>
  <system-out/>
  <testcase classname="com.gapi.testCases.GetShipmentsTicketDetails" name="verifyGetAllWithShipmentsTicketFilters" time="4.560"/>
  <system-out/>
  <testcase classname="com.gapi.testCases.GetShipmentsTicketDetails" name="verifyGetAllWithShipmentsTicketFilters" time="4.492"/>
  <system-out/>
  <testcase classname="com.gapi.testCases.GetShipmentsTicketDetails" name="verifyGetAllWithShipmentsTicketFilters" time="4.460"/>
  <system-out/>
  <testcase classname="com.gapi.testCases.GetShipmentsTicketDetails" name="verifyGetAllWithShipmentsTicketFilters" time="3.833"/>
  <system-out/>
  <testcase classname="com.gapi.testCases.GetShipmentsTicketDetails" name="verifyGetAllWithShipmentsTicketFilters" time="3.489"/>
  <system-out/>
  <testcase classname="com.gapi.testCases.GetShipmentsTicketDetails" name="verifyGetAllWithShipmentsTicketFilters" time="4.129"/>
  <system-out/>
  <testcase classname="com.gapi.testCases.GetShipmentsTicketDetails" name="verifyGetAllWithShipmentsTicketFilters" time="3.219"/>
  <system-out/>
  <testcase classname="com.gapi.testCases.GetShipmentsTicketDetails" name="verifyGetAllWithShipmentsTicketFilters" time="4.511"/>
  <system-out/>
  <testcase classname="com.gapi.testCases.GetShipmentsTicketDetails" name="getAllShipmentsTicketsInfo" time="3.219"/>
  <system-out/>
  <testcase classname="com.gapi.testCases.GetShipmentsTicketDetails" name="verifyGetAllWithShipmentsTicketFilters" time="3.292"/>
  <system-out/>
</testsuite> <!-- com.gapi.testCases.GetShipmentsTicketDetails -->
