<?xml version="1.0" encoding="UTF-8"?>
<!-- Generated by org.testng.reporters.JUnitReportReporter -->
<testsuite hostname="WSAMZN-7ID4CD15" failures="0" tests="24" name="com.gapi.testCases.GetReportsRequest" time="27.673" errors="0" timestamp="2023-03-30T16:28:17 UTC" skipped="0">
  <testcase classname="com.gapi.testCases.GetReportsRequest" name="getDCIMReportsSortedWithDifferentFilters" time="0.923"/>
  <system-out/>
  <testcase classname="com.gapi.testCases.GetReportsRequest" name="securityReportsSortedWithDifferentFilters" time="0.870"/>
  <system-out/>
  <testcase classname="com.gapi.testCases.GetReportsRequest" name="securityReportsSortedWithDifferentFilters" time="0.852"/>
  <system-out/>
  <testcase classname="com.gapi.testCases.GetReportsRequest" name="getDCIMReportsSortedWithDifferentFilters" time="0.991"/>
  <system-out/>
  <testcase classname="com.gapi.testCases.GetReportsRequest" name="getAllSecurityPlannedReportsMaintenanceSortBy" time="1.237"/>
  <system-out/>
  <testcase classname="com.gapi.testCases.GetReportsRequest" name="getReportsDetails" time="1.424"/>
  <system-out/>
  <testcase classname="com.gapi.testCases.GetReportsRequest" name="invalidReportBySecurityID" time="0.343"/>
  <system-out/>
  <testcase classname="com.gapi.testCases.GetReportsRequest" name="securityReportsSortedWithDifferentFilters" time="0.851"/>
  <system-out/>
  <testcase classname="com.gapi.testCases.GetReportsRequest" name="getDownloadReportByDCIMID" time="4.299"/>
  <system-out/>
  <testcase classname="com.gapi.testCases.GetReportsRequest" name="getAllSecurityPlannedReportsMaintenanceSortBy" time="0.953"/>
  <system-out/>
  <testcase classname="com.gapi.testCases.GetReportsRequest" name="getReportsWorkOrdersDetails" time="1.486"/>
  <system-out/>
  <testcase classname="com.gapi.testCases.GetReportsRequest" name="getReportsDetailsusingFilters" time="1.037"/>
  <system-out/>
  <testcase classname="com.gapi.testCases.GetReportsRequest" name="securityReportsSortedWithDifferentFilters" time="0.868"/>
  <system-out/>
  <testcase classname="com.gapi.testCases.GetReportsRequest" name="getAllSecurityPlannedReportsMaintenanceSortBy" time="0.964"/>
  <system-out/>
  <testcase classname="com.gapi.testCases.GetReportsRequest" name="getReportsDetailsusingFilters" time="1.154"/>
  <system-out/>
  <testcase classname="com.gapi.testCases.GetReportsRequest" name="getAllSecurityPlannedReportsMaintenanceSortBy" time="0.965"/>
  <system-out/>
  <testcase classname="com.gapi.testCases.GetReportsRequest" name="invalidReportByDCIMID" time="0.388"/>
  <system-out/>
  <testcase classname="com.gapi.testCases.GetReportsRequest" name="getDCIMReportsSortedWithDifferentFilters" time="0.959"/>
  <system-out/>
  <testcase classname="com.gapi.testCases.GetReportsRequest" name="securityReportsSortedWithDifferentFilters" time="0.803"/>
  <system-out/>
  <testcase classname="com.gapi.testCases.GetReportsRequest" name="getDCIMReportsSortedWithDifferentFilters" time="0.947"/>
  <system-out/>
  <testcase classname="com.gapi.testCases.GetReportsRequest" name="getReportsDetailsSortBySite" time="0.146"/>
  <system-out/>
  <testcase classname="com.gapi.testCases.GetReportsRequest" name="getDownloadReportBySecurityID" time="3.324"/>
  <system-out/>
  <testcase classname="com.gapi.testCases.GetReportsRequest" name="getDCIMReportsSortedWithDifferentFilters" time="0.989"/>
  <system-out/>
  <testcase classname="com.gapi.testCases.GetReportsRequest" name="getAllSecurityPlannedReportsMaintenanceSortBy" time="0.900"/>
  <system-out/>
</testsuite> <!-- com.gapi.testCases.GetReportsRequest -->
