<?xml version="1.0" encoding="UTF-8"?>
<!-- Generated by org.testng.reporters.JUnitReportReporter -->
<testsuite hostname="WSAMZN-7ID4CD15" failures="0" tests="2" name="com.gapi.testCases.GetCountries" time="2.091" errors="0" timestamp="2023-03-30T16:28:17 UTC" skipped="0">
  <testcase classname="com.gapi.testCases.GetCountries" name="getCountriesInformation" time="0.865"/>
  <system-out/>
  <testcase classname="com.gapi.testCases.GetCountries" name="getCountriesInformationusingfilters" time="1.226"/>
  <system-out/>
</testsuite> <!-- com.gapi.testCases.GetCountries -->
