<?xml version="1.0" encoding="UTF-8"?>
<!-- Generated by org.testng.reporters.JUnitReportReporter -->
<testsuite hostname="WSAMZN-7ID4CD15" failures="0" tests="3" name="com.gapi.testCases.CancelCustomerSupportTicket" time="18.828" errors="0" timestamp="2023-03-30T16:28:17 UTC" skipped="0">
  <testcase classname="com.gapi.testCases.CancelCustomerSupportTicket" name="verifyCancelCustomerSupportTicket" time="6.271"/>
  <system-out/>
  <testcase classname="com.gapi.testCases.CancelCustomerSupportTicket" name="verifyCancelCustomerSupportTicket" time="6.358"/>
  <system-out/>
  <testcase classname="com.gapi.testCases.CancelCustomerSupportTicket" name="verifyCancelCustomerSupportTicket" time="6.199"/>
  <system-out/>
</testsuite> <!-- com.gapi.testCases.CancelCustomerSupportTicket -->
