<?xml version="1.0" encoding="UTF-8"?>
<!-- Generated by org.testng.reporters.JUnitReportReporter -->
<testsuite hostname="WSAMZN-7ID4CD15" failures="0" tests="9" name="com.gapi.testCases.EditShippingReceivingTicket" time="45.923" errors="0" timestamp="2023-03-30T16:28:17 UTC" skipped="0">
  <testcase classname="com.gapi.testCases.EditShippingReceivingTicket" name="verifyEditNumberOfPackagesOfAnExistingShippingReceivingTicket" time="4.944"/>
  <system-out/>
  <testcase classname="com.gapi.testCases.EditShippingReceivingTicket" name="verifyEditCourierOfAnExistingShippingReceivingTicket" time="5.424"/>
  <system-out/>
  <testcase classname="com.gapi.testCases.EditShippingReceivingTicket" name="verifyEditEstimatedDeliveryDateOfAnExistingShippingReceivingTicket" time="4.929"/>
  <system-out/>
  <testcase classname="com.gapi.testCases.EditShippingReceivingTicket" name="editTheContactsOfAnExistingShippingReceivingTicket" time="5.346"/>
  <system-out/>
  <testcase classname="com.gapi.testCases.EditShippingReceivingTicket" name="verifyEditTrackingNumberOfAnExistingShippingReceivingTicket" time="5.246"/>
  <system-out/>
  <testcase classname="com.gapi.testCases.EditShippingReceivingTicket" name="verifyEditTitleOfAnExistingShippingReceivingTicket" time="4.956"/>
  <system-out/>
  <testcase classname="com.gapi.testCases.EditShippingReceivingTicket" name="verifyEditDescriptionOfAnExistingShippingReceivingTicket" time="4.841"/>
  <system-out/>
  <testcase classname="com.gapi.testCases.EditShippingReceivingTicket" name="verifyEditReferenceNumberOfAnExistingShippingReceivingTicket" time="5.099"/>
  <system-out/>
  <testcase classname="com.gapi.testCases.EditShippingReceivingTicket" name="verifyEditLoadingBayofanExistingSRTicket" time="5.138"/>
  <system-out/>
</testsuite> <!-- com.gapi.testCases.EditShippingReceivingTicket -->
