<?xml version="1.0" encoding="UTF-8"?>
<!-- Generated by org.testng.reporters.JUnitReportReporter -->
<testsuite hostname="WSAMZN-7ID4CD15" failures="0" tests="3" name="com.gapi.testCases.CancelShipmentsTicket" time="18.482" errors="0" timestamp="2023-03-30T16:28:17 UTC" skipped="0">
  <testcase classname="com.gapi.testCases.CancelShipmentsTicket" name="verifyCancelShipmentsTicketWithCancelReason" time="6.258"/>
  <system-out/>
  <testcase classname="com.gapi.testCases.CancelShipmentsTicket" name="verifyCancelShipmentsTicketWithCancelReason" time="6.082"/>
  <system-out/>
  <testcase classname="com.gapi.testCases.CancelShipmentsTicket" name="verifyCancelShipmentsTicketwithoutCancelReason" time="6.142"/>
  <system-out/>
</testsuite> <!-- com.gapi.testCases.CancelShipmentsTicket -->
