<?xml version="1.0" encoding="UTF-8"?>
<!-- Generated by org.testng.reporters.JUnitReportReporter -->
<testsuite hostname="WSAMZN-7ID4CD15" failures="0" tests="2" name="com.gapi.testCases.EditRemoteHandsTicket" time="10.748" errors="0" timestamp="2023-03-30T16:28:17 UTC" skipped="0">
  <testcase classname="com.gapi.testCases.EditRemoteHandsTicket" name="verifyEditNotificationRecipientsOfAnExistingRemoteHandsTicket" time="5.245"/>
  <system-out/>
  <testcase classname="com.gapi.testCases.EditRemoteHandsTicket" name="verifyEditCustomerReferenceOfAnExistingRemoteHandsTicket" time="5.503"/>
  <system-out/>
</testsuite> <!-- com.gapi.testCases.EditRemoteHandsTicket -->
