<?xml version="1.0" encoding="UTF-8"?>
<!-- Generated by org.testng.reporters.JUnitReportReporter -->
<testsuite hostname="WSAMZN-7ID4CD15" failures="1" tests="40" name="com.gapi.testCases.GetServiceTicketDetails" time="201.806" errors="0" timestamp="2023-03-30T16:28:17 UTC" skipped="1">
  <testcase classname="com.gapi.testCases.GetServiceTicketDetails" name="verifyGetAllWithServiceTicketFilters" time="6.166"/>
  <system-out/>
  <testcase classname="com.gapi.testCases.GetServiceTicketDetails" name="verifyGetAllWithServiceTicketFilters" time="4.594"/>
  <system-out/>
  <testcase classname="com.gapi.testCases.GetServiceTicketDetails" name="verifyGetAllWithServiceTicketFilters" time="5.233"/>
  <system-out/>
  <testcase classname="com.gapi.testCases.GetServiceTicketDetails" name="verifyGetAllWithServiceTicketFilters" time="5.545"/>
  <system-out/>
  <testcase classname="com.gapi.testCases.GetServiceTicketDetails" name="verifyGetAllWithServiceTicketFilters" time="4.804"/>
  <system-out/>
  <testcase classname="com.gapi.testCases.GetServiceTicketDetails" name="verifyGetAllWithServiceTicketFilters" time="5.145"/>
  <system-out/>
  <testcase classname="com.gapi.testCases.GetServiceTicketDetails" name="verifyGetAllWithServiceTicketFilters" time="4.688"/>
  <system-out/>
  <testcase classname="com.gapi.testCases.GetServiceTicketDetails" name="verifyGetAllWithServiceTicketFilters" time="4.651"/>
  <system-out/>
  <testcase classname="com.gapi.testCases.GetServiceTicketDetails" name="verifyGetAllWithServiceTicketFilters" time="5.230"/>
  <system-out/>
  <testcase classname="com.gapi.testCases.GetServiceTicketDetails" name="verifyGetAllWithServiceTicketFilters" time="4.507"/>
  <system-out/>
  <testcase classname="com.gapi.testCases.GetServiceTicketDetails" name="verifyGetAllWithServiceTicketFilters" time="5.095"/>
  <system-out/>
  <testcase classname="com.gapi.testCases.GetServiceTicketDetails" name="verifyGetAllWithServiceTicketFilters" time="5.047"/>
  <system-out/>
  <testcase classname="com.gapi.testCases.GetServiceTicketDetails" name="verifyGetAllWithServiceTicketFilters" time="5.242"/>
  <system-out/>
  <testcase classname="com.gapi.testCases.GetServiceTicketDetails" name="verifyGetAllWithServiceTicketFilters" time="4.870"/>
  <system-out/>
  <testcase classname="com.gapi.testCases.GetServiceTicketDetails" name="verifyGetAllWithServiceTicketFilters" time="5.004"/>
  <system-out/>
  <testcase classname="com.gapi.testCases.GetServiceTicketDetails" name="verifyGetAllWithServiceTicketFilters" time="5.562"/>
  <system-out/>
  <testcase classname="com.gapi.testCases.GetServiceTicketDetails" name="verifyGetAllWithServiceTicketFilters" time="5.879"/>
  <system-out/>
  <testcase classname="com.gapi.testCases.GetServiceTicketDetails" name="verifyGetAllWithServiceTicketFilters" time="4.951"/>
  <system-out/>
  <testcase classname="com.gapi.testCases.GetServiceTicketDetails" name="verifyGetAllWithServiceTicketFilters" time="2.121">
    <skipped/>
  </testcase> <!-- verifyGetAllWithServiceTicketFilters -->
  <system-out/>
  <testcase classname="com.gapi.testCases.GetServiceTicketDetails" name="verifyGetAllWithServiceTicketFilters" time="5.619"/>
  <system-out/>
  <testcase classname="com.gapi.testCases.GetServiceTicketDetails" name="verifyGetAllWithServiceTicketFilters" time="8.266"/>
  <system-out/>
  <testcase classname="com.gapi.testCases.GetServiceTicketDetails" name="verifyGetAllWithServiceTicketFilters" time="5.748"/>
  <system-out/>
  <testcase classname="com.gapi.testCases.GetServiceTicketDetails" name="verifyGetAllWithServiceTicketFilters" time="4.777"/>
  <system-out/>
  <testcase classname="com.gapi.testCases.GetServiceTicketDetails" name="verifyGetAllWithServiceTicketFilters" time="5.017"/>
  <system-out/>
  <testcase classname="com.gapi.testCases.GetServiceTicketDetails" name="verifyGetAllWithServiceTicketFilters" time="4.508"/>
  <system-out/>
  <testcase classname="com.gapi.testCases.GetServiceTicketDetails" name="verifyGetAllWithServiceTicketFilters" time="4.581"/>
  <system-out/>
  <testcase classname="com.gapi.testCases.GetServiceTicketDetails" name="verifyGetAllWithServiceTicketFilters" time="5.123"/>
  <system-out/>
  <testcase classname="com.gapi.testCases.GetServiceTicketDetails" name="verifyGetAllWithServiceTicketFilters" time="4.670"/>
  <system-out/>
  <testcase classname="com.gapi.testCases.GetServiceTicketDetails" name="verifyGetAllWithServiceTicketFilters" time="5.210"/>
  <system-out/>
  <testcase classname="com.gapi.testCases.GetServiceTicketDetails" name="verifyGetAllWithServiceTicketFilters" time="5.933"/>
  <system-out/>
  <testcase classname="com.gapi.testCases.GetServiceTicketDetails" name="verifyGetAllWithServiceTicketFilters" time="5.461"/>
  <system-out/>
  <testcase classname="com.gapi.testCases.GetServiceTicketDetails" name="verifyGetAllWithServiceTicketFilters" time="5.284"/>
  <system-out/>
  <testcase classname="com.gapi.testCases.GetServiceTicketDetails" name="verifyGetAllWithServiceTicketFilters" time="4.889"/>
  <system-out/>
  <testcase classname="com.gapi.testCases.GetServiceTicketDetails" name="verifyGetAllWithServiceTicketFilters" time="4.951"/>
  <system-out/>
  <testcase classname="com.gapi.testCases.GetServiceTicketDetails" name="verifyGetAllWithServiceTicketFilters" time="4.611"/>
  <system-out/>
  <testcase classname="com.gapi.testCases.GetServiceTicketDetails" name="verifyGetAllWithServiceTicketFilters" time="4.742"/>
  <system-out/>
  <testcase classname="com.gapi.testCases.GetServiceTicketDetails" name="verifyGetAllWithServiceTicketFilters" time="5.513"/>
  <system-out/>
  <testcase classname="com.gapi.testCases.GetServiceTicketDetails" name="verifyGetAllWithServiceTicketFilters" time="2.124">
    <failure message="expected [200] but found [401]" type="java.lang.AssertionError">
      <![CDATA[java.lang.AssertionError: expected [200] but found [401]
at org.testng.Assert.fail(Assert.java:99)
at org.testng.Assert.failNotEquals(Assert.java:1037)
at org.testng.Assert.assertEqualsImpl(Assert.java:140)
at org.testng.Assert.assertEquals(Assert.java:122)
at org.testng.Assert.assertEquals(Assert.java:629)
at org.testng.Assert.assertEquals(Assert.java:639)
at com.gapi.testCases.GetServiceTicketDetails.verifyGetAllWithServiceTicketFilters(GetServiceTicketDetails.java:68)
at jdk.internal.reflect.GeneratedMethodAccessor150.invoke(Unknown Source)
at java.base/jdk.internal.reflect.DelegatingMethodAccessorImpl.invoke(DelegatingMethodAccessorImpl.java:43)
at java.base/java.lang.reflect.Method.invoke(Method.java:568)
at org.testng.internal.MethodInvocationHelper.invokeMethod(MethodInvocationHelper.java:133)
at org.testng.internal.TestInvoker.invokeMethod(TestInvoker.java:598)
at org.testng.internal.TestInvoker.retryFailed(TestInvoker.java:213)
at org.testng.internal.MethodRunner.runInSequence(MethodRunner.java:58)
at org.testng.internal.TestInvoker$MethodInvocationAgent.invoke(TestInvoker.java:824)
at org.testng.internal.TestInvoker.invokeTestMethods(TestInvoker.java:146)
at org.testng.internal.TestMethodWorker.invokeTestMethods(TestMethodWorker.java:146)
at org.testng.internal.TestMethodWorker.run(TestMethodWorker.java:128)
at java.base/java.util.ArrayList.forEach(ArrayList.java:1511)
at org.testng.TestRunner.privateRun(TestRunner.java:794)
at org.testng.TestRunner.run(TestRunner.java:596)
at org.testng.SuiteRunner.runTest(SuiteRunner.java:377)
at org.testng.SuiteRunner.runSequentially(SuiteRunner.java:371)
at org.testng.SuiteRunner.privateRun(SuiteRunner.java:332)
at org.testng.SuiteRunner.run(SuiteRunner.java:276)
at org.testng.SuiteRunnerWorker.runSuite(SuiteRunnerWorker.java:53)
at org.testng.SuiteRunnerWorker.run(SuiteRunnerWorker.java:96)
at org.testng.TestNG.runSuitesSequentially(TestNG.java:1212)
at org.testng.TestNG.runSuitesLocally(TestNG.java:1134)
at org.testng.TestNG.runSuites(TestNG.java:1063)
at org.testng.TestNG.run(TestNG.java:1031)
at org.testng.remote.AbstractRemoteTestNG.run(AbstractRemoteTestNG.java:115)
at org.testng.remote.RemoteTestNG.initAndRun(RemoteTestNG.java:251)
at org.testng.remote.RemoteTestNG.main(RemoteTestNG.java:77)
]]>
    </failure>
  </testcase> <!-- verifyGetAllWithServiceTicketFilters -->
  <system-out/>
  <testcase classname="com.gapi.testCases.GetServiceTicketDetails" name="verifyGetAllWithServiceTicketFilters" time="5.827"/>
  <system-out/>
  <testcase classname="com.gapi.testCases.GetServiceTicketDetails" name="verifyGetAllWithServiceTicketFilters" time="4.618"/>
  <system-out/>
</testsuite> <!-- com.gapi.testCases.GetServiceTicketDetails -->
