<?xml version="1.0" encoding="UTF-8"?>
<!-- Generated by org.testng.reporters.JUnitReportReporter -->
<testsuite hostname="WSAMZN-7ID4CD15" failures="0" tests="7" name="com.gapi.testCases.GetCities" time="5.348" errors="0" timestamp="2023-03-30T16:28:17 UTC" skipped="0">
  <testcase classname="com.gapi.testCases.GetCities" name="getCitiesInformation" time="0.715"/>
  <system-out/>
  <testcase classname="com.gapi.testCases.GetCities" name="getCitiesInformationUsingDifferentFilters" time="0.663"/>
  <system-out/>
  <testcase classname="com.gapi.testCases.GetCities" name="getCitiesInformationUsingDifferentFilters" time="0.881"/>
  <system-out/>
  <testcase classname="com.gapi.testCases.GetCities" name="getCitiesInformationUsingDifferentFilters" time="0.969"/>
  <system-out/>
  <testcase classname="com.gapi.testCases.GetCities" name="getCitiesInformationUsingDifferentFilters" time="0.647"/>
  <system-out/>
  <testcase classname="com.gapi.testCases.GetCities" name="getCitiesInformationUsingDifferentFilters" time="0.723"/>
  <system-out/>
  <testcase classname="com.gapi.testCases.GetCities" name="getCitiesInformationUsingDifferentFilters" time="0.750"/>
  <system-out/>
</testsuite> <!-- com.gapi.testCases.GetCities -->
