<?xml version="1.0" encoding="UTF-8"?>
<!-- Generated by org.testng.reporters.JUnitReportReporter -->
<testsuite hostname="WSAMZN-7ID4CD15" failures="1" tests="44" name="com.gapi.testCases.GetRemoteHandsTicketDetails" time="83.639" errors="0" timestamp="2023-03-30T16:28:17 UTC" skipped="2">
  <testcase classname="com.gapi.testCases.GetRemoteHandsTicketDetails" name="verifyGetAllWithFilters" time="1.147"/>
  <system-out/>
  <testcase classname="com.gapi.testCases.GetRemoteHandsTicketDetails" name="verifyGetAllWithFilters" time="2.256"/>
  <system-out/>
  <testcase classname="com.gapi.testCases.GetRemoteHandsTicketDetails" name="verifyGetAllWithFilters" time="1.759"/>
  <system-out/>
  <testcase classname="com.gapi.testCases.GetRemoteHandsTicketDetails" name="verifyGetAllWithFilters" time="0.913"/>
  <system-out/>
  <testcase classname="com.gapi.testCases.GetRemoteHandsTicketDetails" name="verifyGetAllWithFilters" time="1.660"/>
  <system-out/>
  <testcase classname="com.gapi.testCases.GetRemoteHandsTicketDetails" name="verifyGetAllWithFilters" time="1.741"/>
  <system-out/>
  <testcase classname="com.gapi.testCases.GetRemoteHandsTicketDetails" name="verifyGetAllWithFilters" time="1.716"/>
  <system-out/>
  <testcase classname="com.gapi.testCases.GetRemoteHandsTicketDetails" name="verifyGetAllWithFilters" time="1.717"/>
  <system-out/>
  <testcase classname="com.gapi.testCases.GetRemoteHandsTicketDetails" name="verifyGetAllWithFilters" time="1.731"/>
  <system-out/>
  <testcase classname="com.gapi.testCases.GetRemoteHandsTicketDetails" name="getCategoryListForRemoteHandsRequestType" time="0.288"/>
  <system-out/>
  <testcase classname="com.gapi.testCases.GetRemoteHandsTicketDetails" name="verifyGetAllWithFilters" time="1.722"/>
  <system-out/>
  <testcase classname="com.gapi.testCases.GetRemoteHandsTicketDetails" name="getAllRemoteHandsTicketsInfo" time="4.125"/>
  <system-out/>
  <testcase classname="com.gapi.testCases.GetRemoteHandsTicketDetails" name="verifyGetAllWithFilters" time="1.895"/>
  <system-out/>
  <testcase classname="com.gapi.testCases.GetRemoteHandsTicketDetails" name="verifyGetAllWithFilters" time="2.270"/>
  <system-out/>
  <testcase classname="com.gapi.testCases.GetRemoteHandsTicketDetails" name="verifyGetAllWithFilters" time="1.575"/>
  <system-out/>
  <testcase classname="com.gapi.testCases.GetRemoteHandsTicketDetails" name="getCategoryListForRemoteHandsRequestType" time="0.266"/>
  <system-out/>
  <testcase classname="com.gapi.testCases.GetRemoteHandsTicketDetails" name="verifyGetAllWithFilters" time="2.261"/>
  <system-out/>
  <testcase classname="com.gapi.testCases.GetRemoteHandsTicketDetails" name="verifyGetAllWithFilters" time="2.399"/>
  <system-out/>
  <testcase classname="com.gapi.testCases.GetRemoteHandsTicketDetails" name="verifyGetAllWithFilters" time="2.262"/>
  <system-out/>
  <testcase classname="com.gapi.testCases.GetRemoteHandsTicketDetails" name="verifyGetAllWithFilters" time="1.625"/>
  <system-out/>
  <testcase classname="com.gapi.testCases.GetRemoteHandsTicketDetails" name="verifyGetRemoteHandsTicketInfoByInvalidId" time="0.422"/>
  <system-out/>
  <testcase classname="com.gapi.testCases.GetRemoteHandsTicketDetails" name="verifyGetAllWithFilters" time="2.330"/>
  <system-out/>
  <testcase classname="com.gapi.testCases.GetRemoteHandsTicketDetails" name="verifyGetAllWithFilters" time="2.381"/>
  <system-out/>
  <testcase classname="com.gapi.testCases.GetRemoteHandsTicketDetails" name="verifyGetAllWithFilters" time="2.336"/>
  <system-out/>
  <testcase classname="com.gapi.testCases.GetRemoteHandsTicketDetails" name="verifyGetAllWithFilters" time="2.086"/>
  <system-out/>
  <testcase classname="com.gapi.testCases.GetRemoteHandsTicketDetails" name="verifyGetAllWithFilters" time="2.313"/>
  <system-out/>
  <testcase classname="com.gapi.testCases.GetRemoteHandsTicketDetails" name="verifyGetAllWithFilters" time="1.694"/>
  <system-out/>
  <testcase classname="com.gapi.testCases.GetRemoteHandsTicketDetails" name="verifyGetAllWithFilters" time="1.663"/>
  <system-out/>
  <testcase classname="com.gapi.testCases.GetRemoteHandsTicketDetails" name="verifyGetAllWithFilters" time="1.991"/>
  <system-out/>
  <testcase classname="com.gapi.testCases.GetRemoteHandsTicketDetails" name="verifyGetAllWithFilters" time="1.705"/>
  <system-out/>
  <testcase classname="com.gapi.testCases.GetRemoteHandsTicketDetails" name="verifyGetAllWithFilters" time="2.304"/>
  <system-out/>
  <testcase classname="com.gapi.testCases.GetRemoteHandsTicketDetails" name="verifyGetAllWithFilters" time="0.849"/>
  <system-out/>
  <testcase classname="com.gapi.testCases.GetRemoteHandsTicketDetails" name="verifyGetAllWithFilters" time="3.575">
    <skipped/>
  </testcase> <!-- verifyGetAllWithFilters -->
  <system-out/>
  <testcase classname="com.gapi.testCases.GetRemoteHandsTicketDetails" name="verifyGetAllWithFilters" time="2.046"/>
  <system-out/>
  <testcase classname="com.gapi.testCases.GetRemoteHandsTicketDetails" name="getCategoryListForRemoteHandsRequestType" time="0.300"/>
  <system-out/>
  <testcase classname="com.gapi.testCases.GetRemoteHandsTicketDetails" name="verifyGetAllWithFilters" time="1.659"/>
  <system-out/>
  <testcase classname="com.gapi.testCases.GetRemoteHandsTicketDetails" name="verifyGetAllWithFilters" time="2.323"/>
  <system-out/>
  <testcase classname="com.gapi.testCases.GetRemoteHandsTicketDetails" name="verifyGetAllWithFilters" time="1.725"/>
  <system-out/>
  <testcase classname="com.gapi.testCases.GetRemoteHandsTicketDetails" name="verifyGetAllWithFilters" time="3.587">
    <failure message="expected [200] but found [500]" type="java.lang.AssertionError">
      <![CDATA[java.lang.AssertionError: expected [200] but found [500]
at org.testng.Assert.fail(Assert.java:99)
at org.testng.Assert.failNotEquals(Assert.java:1037)
at org.testng.Assert.assertEqualsImpl(Assert.java:140)
at org.testng.Assert.assertEquals(Assert.java:122)
at org.testng.Assert.assertEquals(Assert.java:629)
at org.testng.Assert.assertEquals(Assert.java:639)
at com.gapi.testCases.GetRemoteHandsTicketDetails.verifyGetAllWithFilters(GetRemoteHandsTicketDetails.java:211)
at jdk.internal.reflect.GeneratedMethodAccessor175.invoke(Unknown Source)
at java.base/jdk.internal.reflect.DelegatingMethodAccessorImpl.invoke(DelegatingMethodAccessorImpl.java:43)
at java.base/java.lang.reflect.Method.invoke(Method.java:568)
at org.testng.internal.MethodInvocationHelper.invokeMethod(MethodInvocationHelper.java:133)
at org.testng.internal.TestInvoker.invokeMethod(TestInvoker.java:598)
at org.testng.internal.TestInvoker.retryFailed(TestInvoker.java:213)
at org.testng.internal.MethodRunner.runInSequence(MethodRunner.java:58)
at org.testng.internal.TestInvoker$MethodInvocationAgent.invoke(TestInvoker.java:824)
at org.testng.internal.TestInvoker.invokeTestMethods(TestInvoker.java:146)
at org.testng.internal.TestMethodWorker.invokeTestMethods(TestMethodWorker.java:146)
at org.testng.internal.TestMethodWorker.run(TestMethodWorker.java:128)
at java.base/java.util.ArrayList.forEach(ArrayList.java:1511)
at org.testng.TestRunner.privateRun(TestRunner.java:794)
at org.testng.TestRunner.run(TestRunner.java:596)
at org.testng.SuiteRunner.runTest(SuiteRunner.java:377)
at org.testng.SuiteRunner.runSequentially(SuiteRunner.java:371)
at org.testng.SuiteRunner.privateRun(SuiteRunner.java:332)
at org.testng.SuiteRunner.run(SuiteRunner.java:276)
at org.testng.SuiteRunnerWorker.runSuite(SuiteRunnerWorker.java:53)
at org.testng.SuiteRunnerWorker.run(SuiteRunnerWorker.java:96)
at org.testng.TestNG.runSuitesSequentially(TestNG.java:1212)
at org.testng.TestNG.runSuitesLocally(TestNG.java:1134)
at org.testng.TestNG.runSuites(TestNG.java:1063)
at org.testng.TestNG.run(TestNG.java:1031)
at org.testng.remote.AbstractRemoteTestNG.run(AbstractRemoteTestNG.java:115)
at org.testng.remote.RemoteTestNG.initAndRun(RemoteTestNG.java:251)
at org.testng.remote.RemoteTestNG.main(RemoteTestNG.java:77)
]]>
    </failure>
  </testcase> <!-- verifyGetAllWithFilters -->
  <system-out/>
  <testcase classname="com.gapi.testCases.GetRemoteHandsTicketDetails" name="verifyGetAllWithFilters" time="2.305"/>
  <system-out/>
  <testcase classname="com.gapi.testCases.GetRemoteHandsTicketDetails" name="verifyGetAllWithFilters" time="3.321">
    <skipped/>
  </testcase> <!-- verifyGetAllWithFilters -->
  <system-out/>
  <testcase classname="com.gapi.testCases.GetRemoteHandsTicketDetails" name="verifyGetAllWithFilters" time="2.302"/>
  <system-out/>
  <testcase classname="com.gapi.testCases.GetRemoteHandsTicketDetails" name="verifyGetAllWithFilters" time="1.068"/>
  <system-out/>
  <testcase classname="com.gapi.testCases.GetRemoteHandsTicketDetails" name="verifyGetAllWithFilters" time="2.026"/>
  <system-out/>
</testsuite> <!-- com.gapi.testCases.GetRemoteHandsTicketDetails -->
