<?xml version="1.0" encoding="UTF-8"?>
<!-- Generated by org.testng.reporters.JUnitReportReporter -->
<testsuite hostname="WSAMZN-7ID4CD15" failures="0" tests="9" name="com.gapi.testCases.CreateVisitorAccessRequest" time="22.914" errors="0" timestamp="2023-03-30T16:28:17 UTC" skipped="0">
  <testcase classname="com.gapi.testCases.CreateVisitorAccessRequest" name="bulkVisitorAccessRequestInfo" time="5.749"/>
  <system-out/>
  <testcase classname="com.gapi.testCases.CreateVisitorAccessRequest" name="verifyCreateVisitorAccessRequest" time="0.329"/>
  <system-out/>
  <testcase classname="com.gapi.testCases.CreateVisitorAccessRequest" name="verifyCreateVisitorAccessRequestForInvalidToken" time="0.216"/>
  <system-out/>
  <testcase classname="com.gapi.testCases.CreateVisitorAccessRequest" name="verifyCreateVisitorAccessRequest" time="0.810"/>
  <system-out/>
  <testcase classname="com.gapi.testCases.CreateVisitorAccessRequest" name="verifyUploadAttachmentToVisitorAccessRequest" time="5.926"/>
  <system-out/>
  <testcase classname="com.gapi.testCases.CreateVisitorAccessRequest" name="verifyCreateVisitorAccessRequest" time="0.270"/>
  <system-out/>
  <testcase classname="com.gapi.testCases.CreateVisitorAccessRequest" name="verifyCreateVisitorAccessRequestForInvalidLegalentity" time="0.635"/>
  <system-out/>
  <testcase classname="com.gapi.testCases.CreateVisitorAccessRequest" name="verifyCreateVisitorAccessRequest" time="3.666"/>
  <system-out/>
  <testcase classname="com.gapi.testCases.CreateVisitorAccessRequest" name="getVisitorAccessRequestByID" time="5.313"/>
  <system-out/>
</testsuite> <!-- com.gapi.testCases.CreateVisitorAccessRequest -->
