<?xml version="1.0" encoding="UTF-8"?>
<!-- Generated by org.testng.reporters.JUnitReportReporter -->
<testsuite hostname="WSAMZN-7ID4CD15" failures="0" tests="4" name="com.gapi.testCases.EditCustomerSupportTicket" time="21.972" errors="0" timestamp="2023-03-30T16:28:17 UTC" skipped="0">
  <testcase classname="com.gapi.testCases.EditCustomerSupportTicket" name="verifyEditCustomerReferenceOfAnExistingCustomerSupportTicket" time="6.302"/>
  <system-out/>
  <testcase classname="com.gapi.testCases.EditCustomerSupportTicket" name="verifyEditNotificationRecipientsOfAnExistingCustomerSupportTicket" time="5.346"/>
  <system-out/>
  <testcase classname="com.gapi.testCases.EditCustomerSupportTicket" name="verifyEditTitleOfAnExistingCustomerSupportTicket" time="5.063"/>
  <system-out/>
  <testcase classname="com.gapi.testCases.EditCustomerSupportTicket" name="verifyEditDescriptionOfAnExistingCustomerSupportTicket" time="5.261"/>
  <system-out/>
</testsuite> <!-- com.gapi.testCases.EditCustomerSupportTicket -->
