<?xml version="1.0" encoding="UTF-8"?>
<!-- Generated by org.testng.reporters.JUnitReportReporter -->
<testsuite hostname="WSAMZN-7ID4CD15" failures="0" tests="4" name="com.gapi.testCases.GetPOPPOEDetails" time="6.208" errors="0" timestamp="2023-03-30T16:28:17 UTC" skipped="0">
  <testcase classname="com.gapi.testCases.GetPOPPOEDetails" name="getPopDetailsInfoWithInvalidToken" time="0.197"/>
  <system-out/>
  <testcase classname="com.gapi.testCases.GetPOPPOEDetails" name="getPopDetailsInfo" time="5.176"/>
  <system-out/>
  <testcase classname="com.gapi.testCases.GetPOPPOEDetails" name="getPopDetailsInfoWithInvalidGlobalUltimate" time="0.402"/>
  <system-out/>
  <testcase classname="com.gapi.testCases.GetPOPPOEDetails" name="getPopDetailsInfoWithInvalidLegalentity" time="0.433"/>
  <system-out/>
</testsuite> <!-- com.gapi.testCases.GetPOPPOEDetails -->
