<?xml version="1.0" encoding="UTF-8"?>
<!-- Generated by org.testng.reporters.JUnitReportReporter -->
<testsuite hostname="WSAMZN-7ID4CD15" failures="0" tests="30" name="com.gapi.testCases.GetAllAssets" time="23.186" errors="0" timestamp="2023-03-30T16:28:17 UTC" skipped="0">
  <testcase classname="com.gapi.testCases.GetAllAssets" name="getAllAssetsInformationUsingDifferentFilters" time="0.437"/>
  <system-out/>
  <testcase classname="com.gapi.testCases.GetAllAssets" name="vaidateTheCustomerAssetsUsingValidAccountIdAndParentID" time="2.559"/>
  <system-out/>
  <testcase classname="com.gapi.testCases.GetAllAssets" name="getAllAssetsInformationUsingDifferentFilters" time="0.752"/>
  <system-out/>
  <testcase classname="com.gapi.testCases.GetAllAssets" name="getAllAssetsInformationUsingDifferentFilters" time="0.897"/>
  <system-out/>
  <testcase classname="com.gapi.testCases.GetAllAssets" name="getAllAssetsInformationUsingDifferentFilters" time="0.695"/>
  <system-out/>
  <testcase classname="com.gapi.testCases.GetAllAssets" name="getAllAssetsInformationUsingDifferentFilters" time="0.452"/>
  <system-out/>
  <testcase classname="com.gapi.testCases.GetAllAssets" name="getAllAssetsInformationUsingDifferentFilters" time="0.618"/>
  <system-out/>
  <testcase classname="com.gapi.testCases.GetAllAssets" name="getAllAssetsInformationUsingDifferentFilters" time="0.549"/>
  <system-out/>
  <testcase classname="com.gapi.testCases.GetAllAssets" name="vaidateTheCustomerAssetsUsingInValidAccountIdAndInValidAssetID" time="0.548"/>
  <system-out/>
  <testcase classname="com.gapi.testCases.GetAllAssets" name="getAllAssetsInformationUsingDifferentFilters" time="0.722"/>
  <system-out/>
  <testcase classname="com.gapi.testCases.GetAllAssets" name="getAllAssetsInformationUsingDifferentFilters" time="0.673"/>
  <system-out/>
  <testcase classname="com.gapi.testCases.GetAllAssets" name="getAllAssetsInformationUsingDifferentFilters" time="0.903"/>
  <system-out/>
  <testcase classname="com.gapi.testCases.GetAllAssets" name="getAllAssetsInformationUsingDifferentFilters" time="0.792"/>
  <system-out/>
  <testcase classname="com.gapi.testCases.GetAllAssets" name="getAllAssetsInformationUsingDifferentFilters" time="0.999"/>
  <system-out/>
  <testcase classname="com.gapi.testCases.GetAllAssets" name="getAllAssetsInformationUsingDifferentFilters" time="0.731"/>
  <system-out/>
  <testcase classname="com.gapi.testCases.GetAllAssets" name="getAllAssetsInformationUsingDifferentFilters" time="0.601"/>
  <system-out/>
  <testcase classname="com.gapi.testCases.GetAllAssets" name="getAllAssetsInformationUsingDifferentFilters" time="1.029"/>
  <system-out/>
  <testcase classname="com.gapi.testCases.GetAllAssets" name="getAllAssetsInformationUsingDifferentFilters" time="0.640"/>
  <system-out/>
  <testcase classname="com.gapi.testCases.GetAllAssets" name="getAllAssetsInformation" time="0.674"/>
  <system-out/>
  <testcase classname="com.gapi.testCases.GetAllAssets" name="getAllAssetsInformationUsingDifferentFilters" time="0.668"/>
  <system-out/>
  <testcase classname="com.gapi.testCases.GetAllAssets" name="getAllAssetsInformationUsingDifferentFilters" time="0.690"/>
  <system-out/>
  <testcase classname="com.gapi.testCases.GetAllAssets" name="getAllAssetsInformationUsingDifferentFilters" time="0.661"/>
  <system-out/>
  <testcase classname="com.gapi.testCases.GetAllAssets" name="getAllAssetsInformationUsingDifferentFilters" time="0.659"/>
  <system-out/>
  <testcase classname="com.gapi.testCases.GetAllAssets" name="getAllAssetsInformationUsingDifferentFilters" time="0.741"/>
  <system-out/>
  <testcase classname="com.gapi.testCases.GetAllAssets" name="getAllAssetsInformationUsingDifferentFilters" time="0.664"/>
  <system-out/>
  <testcase classname="com.gapi.testCases.GetAllAssets" name="getAllAssetsInformationUsingDifferentFilters" time="0.783"/>
  <system-out/>
  <testcase classname="com.gapi.testCases.GetAllAssets" name="verifyRetrievalofAssetNamesUsingInvalidAssetID" time="0.424"/>
  <system-out/>
  <testcase classname="com.gapi.testCases.GetAllAssets" name="vaidateTheCustomerAssetsUsingAccountIdAndAssetID" time="0.742"/>
  <system-out/>
  <testcase classname="com.gapi.testCases.GetAllAssets" name="verifyRetrievalofAssetNamesUsingAssetID" time="1.115"/>
  <system-out/>
  <testcase classname="com.gapi.testCases.GetAllAssets" name="getAllAssetsInformationUsingDifferentFilters" time="0.768"/>
  <system-out/>
</testsuite> <!-- com.gapi.testCases.GetAllAssets -->
