<?xml version="1.0" encoding="UTF-8"?>
<!-- Generated by org.testng.reporters.JUnitReportReporter -->
<testsuite hostname="WSAMZN-7ID4CD15" failures="0" tests="3" name="com.gapi.testCases.CreatePOPPOERequest" time="10.127" errors="0" timestamp="2023-03-30T16:28:17 UTC" skipped="0">
  <testcase classname="com.gapi.testCases.CreatePOPPOERequest" name="verifyCreatePOPPOERequest" time="3.658"/>
  <system-out/>
  <testcase classname="com.gapi.testCases.CreatePOPPOERequest" name="verifyCreatePOPPOERequestForInvalidLegalEntity" time="0.468"/>
  <system-out/>
  <testcase classname="com.gapi.testCases.CreatePOPPOERequest" name="verifyUploadAttachmentToPOPPOERequest" time="6.001"/>
  <system-out/>
</testsuite> <!-- com.gapi.testCases.CreatePOPPOERequest -->
