<?xml version="1.0" encoding="UTF-8"?>
<!-- Generated by org.testng.reporters.JUnitReportReporter -->
<testsuite hostname="WSAMZN-7ID4CD15" failures="0" tests="3" name="com.gapi.testCases.GetOSPDetails" time="5.745" errors="0" timestamp="2023-03-30T16:28:17 UTC" skipped="0">
  <testcase classname="com.gapi.testCases.GetOSPDetails" name="getOSPDetailsInfo" time="5.134"/>
  <system-out/>
  <testcase classname="com.gapi.testCases.GetOSPDetails" name="getOSPDetailsInfoWithInvalidGlobalUltimate" time="0.403"/>
  <system-out/>
  <testcase classname="com.gapi.testCases.GetOSPDetails" name="getOSPDetailsInfoWithInvalidToken" time="0.208"/>
  <system-out/>
</testsuite> <!-- com.gapi.testCases.GetOSPDetails -->
