<?xml version="1.0" encoding="UTF-8"?>
<!-- Generated by org.testng.reporters.JUnitReportReporter -->
<testsuite hostname="WSAMZN-7ID4CD15" failures="0" tests="42" name="com.gapi.testCases.GetCustomerSupportTicketDetails" time="162.604" errors="0" timestamp="2023-03-30T16:28:17 UTC" skipped="0">
  <testcase classname="com.gapi.testCases.GetCustomerSupportTicketDetails" name="verifyGetAllWithCustomerSupportTicketFilters" time="4.094"/>
  <system-out/>
  <testcase classname="com.gapi.testCases.GetCustomerSupportTicketDetails" name="verifyGetAllWithCustomerSupportTicketFilters" time="3.470"/>
  <system-out/>
  <testcase classname="com.gapi.testCases.GetCustomerSupportTicketDetails" name="verifyGetAllWithCustomerSupportTicketFilters" time="4.053"/>
  <system-out/>
  <testcase classname="com.gapi.testCases.GetCustomerSupportTicketDetails" name="verifyGetAllWithCustomerSupportTicketFilters" time="4.885"/>
  <system-out/>
  <testcase classname="com.gapi.testCases.GetCustomerSupportTicketDetails" name="getCategoryListForCustomerSupportRequestType" time="0.293"/>
  <system-out/>
  <testcase classname="com.gapi.testCases.GetCustomerSupportTicketDetails" name="verifyGetAllWithCustomerSupportTicketFilters" time="3.612"/>
  <system-out/>
  <testcase classname="com.gapi.testCases.GetCustomerSupportTicketDetails" name="verifyGetAllWithCustomerSupportTicketFilters" time="4.447"/>
  <system-out/>
  <testcase classname="com.gapi.testCases.GetCustomerSupportTicketDetails" name="verifyGetAllWithCustomerSupportTicketFilters" time="4.333"/>
  <system-out/>
  <testcase classname="com.gapi.testCases.GetCustomerSupportTicketDetails" name="verifyGetAllWithCustomerSupportTicketFilters" time="4.715"/>
  <system-out/>
  <testcase classname="com.gapi.testCases.GetCustomerSupportTicketDetails" name="verifyGetAllWithCustomerSupportTicketFilters" time="4.177"/>
  <system-out/>
  <testcase classname="com.gapi.testCases.GetCustomerSupportTicketDetails" name="verifyGetAllWithCustomerSupportTicketFilters" time="4.817"/>
  <system-out/>
  <testcase classname="com.gapi.testCases.GetCustomerSupportTicketDetails" name="verifyGetAllWithCustomerSupportTicketFilters" time="4.419"/>
  <system-out/>
  <testcase classname="com.gapi.testCases.GetCustomerSupportTicketDetails" name="verifyGetAllWithCustomerSupportTicketFilters" time="4.414"/>
  <system-out/>
  <testcase classname="com.gapi.testCases.GetCustomerSupportTicketDetails" name="verifyGetAllWithCustomerSupportTicketFilters" time="3.599"/>
  <system-out/>
  <testcase classname="com.gapi.testCases.GetCustomerSupportTicketDetails" name="verifyGetAllWithCustomerSupportTicketFilters" time="3.498"/>
  <system-out/>
  <testcase classname="com.gapi.testCases.GetCustomerSupportTicketDetails" name="verifyGetAllWithCustomerSupportTicketFilters" time="5.147"/>
  <system-out/>
  <testcase classname="com.gapi.testCases.GetCustomerSupportTicketDetails" name="verifyGetAllWithCustomerSupportTicketFilters" time="4.821"/>
  <system-out/>
  <testcase classname="com.gapi.testCases.GetCustomerSupportTicketDetails" name="verifyGetAllWithCustomerSupportTicketFilters" time="5.029"/>
  <system-out/>
  <testcase classname="com.gapi.testCases.GetCustomerSupportTicketDetails" name="getCategoryListForCustomerSupportRequestType" time="0.272"/>
  <system-out/>
  <testcase classname="com.gapi.testCases.GetCustomerSupportTicketDetails" name="verifyGetAllWithCustomerSupportTicketFilters" time="4.918"/>
  <system-out/>
  <testcase classname="com.gapi.testCases.GetCustomerSupportTicketDetails" name="verifyGetAllWithCustomerSupportTicketFilters" time="4.972"/>
  <system-out/>
  <testcase classname="com.gapi.testCases.GetCustomerSupportTicketDetails" name="verifyGetAllWithCustomerSupportTicketFilters" time="4.795"/>
  <system-out/>
  <testcase classname="com.gapi.testCases.GetCustomerSupportTicketDetails" name="verifyGetAllWithCustomerSupportTicketFilters" time="3.947"/>
  <system-out/>
  <testcase classname="com.gapi.testCases.GetCustomerSupportTicketDetails" name="verifyGetAllWithCustomerSupportTicketFilters" time="4.260"/>
  <system-out/>
  <testcase classname="com.gapi.testCases.GetCustomerSupportTicketDetails" name="verifyGetAllWithCustomerSupportTicketFilters" time="5.371"/>
  <system-out/>
  <testcase classname="com.gapi.testCases.GetCustomerSupportTicketDetails" name="getCategoryListForCustomerSupportRequestType" time="0.292"/>
  <system-out/>
  <testcase classname="com.gapi.testCases.GetCustomerSupportTicketDetails" name="verifyGetAllWithCustomerSupportTicketFilters" time="3.901"/>
  <system-out/>
  <testcase classname="com.gapi.testCases.GetCustomerSupportTicketDetails" name="verifyGetAllWithCustomerSupportTicketFilters" time="4.367"/>
  <system-out/>
  <testcase classname="com.gapi.testCases.GetCustomerSupportTicketDetails" name="verifyGetAllWithCustomerSupportTicketFilters" time="5.109"/>
  <system-out/>
  <testcase classname="com.gapi.testCases.GetCustomerSupportTicketDetails" name="verifyGetAllWithCustomerSupportTicketFilters" time="3.523"/>
  <system-out/>
  <testcase classname="com.gapi.testCases.GetCustomerSupportTicketDetails" name="getCategoryListForCustomerSupportRequestType" time="0.309"/>
  <system-out/>
  <testcase classname="com.gapi.testCases.GetCustomerSupportTicketDetails" name="verifyGetAllWithCustomerSupportTicketFilters" time="4.561"/>
  <system-out/>
  <testcase classname="com.gapi.testCases.GetCustomerSupportTicketDetails" name="verifyGetAllWithCustomerSupportTicketFilters" time="4.960"/>
  <system-out/>
  <testcase classname="com.gapi.testCases.GetCustomerSupportTicketDetails" name="verifyCustomerSupportTicketInfoByInvalidId" time="0.428"/>
  <system-out/>
  <testcase classname="com.gapi.testCases.GetCustomerSupportTicketDetails" name="getCategoryListForCustomerSupportRequestType" time="0.299"/>
  <system-out/>
  <testcase classname="com.gapi.testCases.GetCustomerSupportTicketDetails" name="verifyGetAllWithCustomerSupportTicketFilters" time="5.480"/>
  <system-out/>
  <testcase classname="com.gapi.testCases.GetCustomerSupportTicketDetails" name="verifyGetAllWithCustomerSupportTicketFilters" time="4.167"/>
  <system-out/>
  <testcase classname="com.gapi.testCases.GetCustomerSupportTicketDetails" name="verifyGetAllWithCustomerSupportTicketFilters" time="5.022"/>
  <system-out/>
  <testcase classname="com.gapi.testCases.GetCustomerSupportTicketDetails" name="verifyGetAllWithCustomerSupportTicketFilters" time="4.098"/>
  <system-out/>
  <testcase classname="com.gapi.testCases.GetCustomerSupportTicketDetails" name="verifyGetAllWithCustomerSupportTicketFilters" time="4.845"/>
  <system-out/>
  <testcase classname="com.gapi.testCases.GetCustomerSupportTicketDetails" name="verifyGetAllWithCustomerSupportTicketFilters" time="4.746"/>
  <system-out/>
  <testcase classname="com.gapi.testCases.GetCustomerSupportTicketDetails" name="verifyGetAllWithCustomerSupportTicketFilters" time="4.139"/>
  <system-out/>
</testsuite> <!-- com.gapi.testCases.GetCustomerSupportTicketDetails -->
