<?xml version="1.0" encoding="UTF-8"?>
<!-- Generated by org.testng.reporters.JUnitReportReporter -->
<testsuite hostname="WSAMZN-7ID4CD15" failures="0" tests="3" name="com.gapi.testCases.CreateAllFourInOne" time="4.441" errors="0" timestamp="2023-03-30T16:28:17 UTC" skipped="0">
  <testcase classname="com.gapi.testCases.CreateAllFourInOne" name="CreatePermissionGroup" time="2.000"/>
  <system-out/>
  <testcase classname="com.gapi.testCases.CreateAllFourInOne" name="CreatePermissions" time="1.957"/>
  <system-out/>
  <testcase classname="com.gapi.testCases.CreateAllFourInOne" name="CreateRoles" time="0.484"/>
  <system-out/>
</testsuite> <!-- com.gapi.testCases.CreateAllFourInOne -->
